<?xml version="1.0" encoding="UTF-8"?>
<testng-results ignored="0" total="4" passed="4" failed="0" skipped="0">
  <reporter-output>
  </reporter-output>
  <suite started-at="2018-12-07T05:38:17Z" name="Default suite" finished-at="2018-12-07T05:38:50Z" duration-ms="32850">
    <groups>
    </groups>
    <test started-at="2018-12-07T05:38:17Z" name="Default test" finished-at="2018-12-07T05:38:50Z" duration-ms="32850">
      <class name="com.dice.TaskTest">
        <test-method is-config="true" signature="beforeEach()[pri:0, instance:com.dice.TaskTest@291b4bf5]" started-at="2018-12-07T05:38:17Z" name="beforeEach" finished-at="2018-12-07T05:38:33Z" duration-ms="15819" status="PASS">
          <reporter-output>
          </reporter-output>
        </test-method> <!-- beforeEach -->
        <test-method signature="verifyTitle()[pri:1, instance:com.dice.TaskTest@291b4bf5]" started-at="2018-12-07T05:38:33Z" name="verifyTitle" finished-at="2018-12-07T05:38:33Z" duration-ms="11" status="PASS">
          <reporter-output>
          </reporter-output>
        </test-method> <!-- verifyTitle -->
        <test-method signature="searchJob(java.lang.String, java.lang.String)[pri:2, instance:com.dice.TaskTest@291b4bf5]" started-at="2018-12-07T05:38:33Z" name="searchJob" data-provider="data" finished-at="2018-12-07T05:38:39Z" duration-ms="6118" status="PASS">
          <params>
            <param index="0">
              <value>
                <![CDATA[java developer]]>
              </value>
            </param>
            <param index="1">
              <value>
                <![CDATA[WA]]>
              </value>
            </param>
          </params>
          <reporter-output>
          </reporter-output>
        </test-method> <!-- searchJob -->
        <test-method signature="searchJob(java.lang.String, java.lang.String)[pri:2, instance:com.dice.TaskTest@291b4bf5]" started-at="2018-12-07T05:38:39Z" name="searchJob" data-provider="data" finished-at="2018-12-07T05:38:45Z" duration-ms="5747" status="PASS">
          <params>
            <param index="0">
              <value>
                <![CDATA[javascript developer]]>
              </value>
            </param>
            <param index="1">
              <value>
                <![CDATA[WA]]>
              </value>
            </param>
          </params>
          <reporter-output>
          </reporter-output>
        </test-method> <!-- searchJob -->
        <test-method signature="searchJob(java.lang.String, java.lang.String)[pri:2, instance:com.dice.TaskTest@291b4bf5]" started-at="2018-12-07T05:38:45Z" name="searchJob" data-provider="data" finished-at="2018-12-07T05:38:50Z" duration-ms="4918" status="PASS">
          <params>
            <param index="0">
              <value>
                <![CDATA[ruby developer]]>
              </value>
            </param>
            <param index="1">
              <value>
                <![CDATA[WA]]>
              </value>
            </param>
          </params>
          <reporter-output>
          </reporter-output>
        </test-method> <!-- searchJob -->
        <test-method is-config="true" signature="after()[pri:0, instance:com.dice.TaskTest@291b4bf5]" started-at="2018-12-07T05:38:50Z" name="after" finished-at="2018-12-07T05:38:50Z" duration-ms="215" status="PASS">
          <reporter-output>
          </reporter-output>
        </test-method> <!-- after -->
      </class> <!-- com.dice.TaskTest -->
    </test> <!-- Default test -->
  </suite> <!-- Default suite -->
</testng-results>
